<!DOCTYPE html PUBLIC "-//W3C//DTD XHTML 1.1//EN" "http://www.w3.org/TR/xhtml11/DTD/xhtml11.dtd">
<html xmlns="http://www.w3.org/1999/xhtml"><head><title>TestNG Report</title><style type="text/css">table {margin-bottom:10px;border-collapse:collapse;empty-cells:show}th,td {border:1px solid #009;padding:.25em .5em}th {vertical-align:bottom}td {vertical-align:top}table a {font-weight:bold}.stripe td {background-color: #E6EBF9}.num {text-align:right}.passedodd td {background-color: #3F3}.passedeven td {background-color: #0A0}.skippedodd td {background-color: #DDD}.skippedeven td {background-color: #CCC}.failedodd td,.attn {background-color: #F33}.failedeven td,.stripe .attn {background-color: #D00}.stacktrace {white-space:pre;font-family:monospace}.totop {font-size:85%;text-align:center;border-bottom:2px solid #000}</style></head><body><table><tr><th>Test</th><th># Passed</th><th># Skipped</th><th># Failed</th><th>Time (ms)</th><th>Included Groups</th><th>Excluded Groups</th></tr><tr><th colspan="7">Suite</th></tr><tr><td><a href="#t0">PositiveScenario</a></td><td class="num">2</td><td class="num">0</td><td class="num">0</td><td class="num">42,759</td><td></td><td></td></tr><tr class="stripe"><td><a href="#t1">NegativeScenario</a></td><td class="num">1</td><td class="num attn">1</td><td class="num attn">1</td><td class="num">32,215</td><td></td><td></td></tr><tr><th>Total</th><th class="num">3</th><th class="num attn">1</th><th class="num attn">1</th><th class="num">74,974</th><th colspan="2"></th></tr></table><table><thead><tr><th>Class</th><th>Method</th><th>Start</th><th>Time (ms)</th></tr></thead><tbody><tr><th colspan="4">Suite</th></tr></tbody><tbody id="t0"><tr><th colspan="4">PositiveScenario &#8212; passed</th></tr><tr class="passedeven"><td rowspan="2">com.automation.SeleniumFramework.Test.StandaloneTest</td><td><a href="#m0">orderHistory</a></td><td rowspan="1">1735518227901</td><td rowspan="1">794</td></tr><tr class="passedeven"><td><a href="#m1">submitOrder</a></td><td rowspan="1">1735518205132</td><td rowspan="1">18252</td></tr></tbody><tbody id="t1"><tr><th colspan="4">NegativeScenario &#8212; failed</th></tr><tr class="failedeven"><td rowspan="1">com.automation.SeleniumFramework.Test.NegativeScenarios</td><td><a href="#m2">loginFail</a></td><td rowspan="1">1735518239004</td><td rowspan="1">1065</td></tr><tr><th colspan="4">NegativeScenario &#8212; skipped</th></tr><tr class="skippedeven"><td rowspan="1">com.automation.SeleniumFramework.Test.NegativeScenarios</td><td><a href="#m3">loginFail</a></td><td rowspan="1">1735518233702</td><td rowspan="1">475</td></tr><tr><th colspan="4">NegativeScenario &#8212; passed</th></tr><tr class="passedeven"><td rowspan="1">com.automation.SeleniumFramework.Test.NegativeScenarios</td><td><a href="#m4">validateProductNameIncart</a></td><td rowspan="1">1735518245004</td><td rowspan="1">16217</td></tr></tbody></table><h2>PositiveScenario</h2><h3 id="m0">com.automation.SeleniumFramework.Test.StandaloneTest#orderHistory</h3><table class="result"></table><p class="totop"><a href="#summary">back to summary</a></p><h3 id="m1">com.automation.SeleniumFramework.Test.StandaloneTest#submitOrder</h3><table class="result"><tr class="param"><th>Parameter #1</th></tr><tr class="param stripe"><td>{password=Rizor123, email=rizor365@gmail.com, productName=ADIDAS ORIGINAL}</td></tr></table><p class="totop"><a href="#summary">back to summary</a></p><h2>NegativeScenario</h2><h3 id="m2">com.automation.SeleniumFramework.Test.NegativeScenarios#loginFail</h3><table class="result"><tr><th>Exception</th></tr><tr><td><div class="stacktrace">java.lang.AssertionError: expected [Incorrect email or password.] but found [Incorrect email or passwor.]
	at com.automation.SeleniumFramework.Test.NegativeScenarios.loginFail(NegativeScenarios.java:40)
... Removed 33 stack frames</div></td></tr></table><p class="totop"><a href="#summary">back to summary</a></p><h3 id="m3">com.automation.SeleniumFramework.Test.NegativeScenarios#loginFail</h3><table class="result"><tr><th>Exception</th></tr><tr><td><div class="stacktrace">java.lang.AssertionError: expected [Incorrect email or password.] but found [Incorrect email or passwor.]
	at com.automation.SeleniumFramework.Test.NegativeScenarios.loginFail(NegativeScenarios.java:40)
... Removed 33 stack frames</div></td></tr></table><p class="totop"><a href="#summary">back to summary</a></p><h3 id="m4">com.automation.SeleniumFramework.Test.NegativeScenarios#validateProductNameIncart</h3><table class="result"></table><p class="totop"><a href="#summary">back to summary</a></p></body></html>